0 info it worked if it ends with ok
1 verbose cli [ 'c:\\Program Files\\nodejs\\node.exe',
1 verbose cli   'c:\\Program Files\\nodejs\\node_modules\\npm\\bin\\npm-cli.js',
1 verbose cli   'adduser',
1 verbose cli   'wangwen1220' ]
2 info using npm@1.4.28
3 info using node@v0.10.32
4 verbose adduser before first PUT { name: 'wangwen1220',
4 verbose adduser   password: 'XXXXX',
4 verbose adduser   email: 'wangwen1220@139.com',
4 verbose adduser   _id: 'org.couchdb.user:wangwen1220',
4 verbose adduser   type: 'user',
4 verbose adduser   roles: [],
4 verbose adduser   date: '2014-11-17T05:23:40.303Z' }
5 verbose request where is /-/user/org.couchdb.user:wangwen1220
6 verbose request registry http://registry.npmjs.org/
7 verbose request id b97965778adc561b
8 verbose url raw /-/user/org.couchdb.user:wangwen1220
9 verbose url resolving [ 'http://registry.npmjs.org/',
9 verbose url resolving   './-/user/org.couchdb.user:wangwen1220' ]
10 verbose url resolved http://registry.npmjs.org/-/user/org.couchdb.user:wangwen1220
11 verbose request where is http://registry.npmjs.org/-/user/org.couchdb.user:wangwen1220
12 info trying registry request attempt 1 at 13:23:40
13 http PUT http://registry.npmjs.org/-/user/org.couchdb.user:wangwen1220
14 http 409 http://registry.npmjs.org/-/user/org.couchdb.user:wangwen1220
15 verbose headers { server: 'CouchDB/1.5.0 (Erlang OTP/R16B03)',
15 verbose headers   'content-type': 'application/json',
15 verbose headers   'cache-control': 'max-age=60',
15 verbose headers   'content-length': '58',
15 verbose headers   'accept-ranges': 'bytes',
15 verbose headers   date: 'Mon, 17 Nov 2014 05:20:12 GMT',
15 verbose headers   via: '1.1 varnish',
15 verbose headers   connection: 'keep-alive',
15 verbose headers   'x-served-by': 'cache-ty67-TYO',
15 verbose headers   'x-cache': 'MISS',
15 verbose headers   'x-cache-hits': '0',
15 verbose headers   'x-timer': 'S1416201611.928687,VS0,VE348' }
16 verbose adduser update existing user
17 verbose request where is /-/user/org.couchdb.user:wangwen1220?write=true
18 verbose request registry http://registry.npmjs.org/
19 verbose url raw /-/user/org.couchdb.user:wangwen1220?write=true
20 verbose url resolving [ 'http://registry.npmjs.org/',
20 verbose url resolving   './-/user/org.couchdb.user:wangwen1220?write=true' ]
21 verbose url resolved http://registry.npmjs.org/-/user/org.couchdb.user:wangwen1220?write=true
22 verbose request where is http://registry.npmjs.org/-/user/org.couchdb.user:wangwen1220?write=true
23 info trying registry request attempt 1 at 13:23:41
24 http GET http://registry.npmjs.org/-/user/org.couchdb.user:wangwen1220?write=true
25 http 200 http://registry.npmjs.org/-/user/org.couchdb.user:wangwen1220?write=true
26 verbose adduser userobj { name: 'wangwen1220',
26 verbose adduser   password: 'XXXXX',
26 verbose adduser   email: 'wangwen1220@139.com',
26 verbose adduser   _id: 'org.couchdb.user:wangwen1220',
26 verbose adduser   type: 'user',
26 verbose adduser   roles: [],
26 verbose adduser   date: '2014-11-17T05:23:40.303Z' }
27 verbose request where is /-/user/org.couchdb.user:wangwen1220/-rev/1-cf8b60862cd98b47a6ea81f0d2f472df
28 verbose request registry http://registry.npmjs.org/
29 verbose url raw /-/user/org.couchdb.user:wangwen1220/-rev/1-cf8b60862cd98b47a6ea81f0d2f472df
30 verbose url resolving [ 'http://registry.npmjs.org/',
30 verbose url resolving   './-/user/org.couchdb.user:wangwen1220/-rev/1-cf8b60862cd98b47a6ea81f0d2f472df' ]
31 verbose url resolved http://registry.npmjs.org/-/user/org.couchdb.user:wangwen1220/-rev/1-cf8b60862cd98b47a6ea81f0d2f472df
32 verbose request where is http://registry.npmjs.org/-/user/org.couchdb.user:wangwen1220/-rev/1-cf8b60862cd98b47a6ea81f0d2f472df
33 info trying registry request attempt 1 at 13:23:41
34 http PUT http://registry.npmjs.org/-/user/org.couchdb.user:wangwen1220/-rev/1-cf8b60862cd98b47a6ea81f0d2f472df
35 http 403 http://registry.npmjs.org/-/user/org.couchdb.user:wangwen1220/-rev/1-cf8b60862cd98b47a6ea81f0d2f472df
36 verbose headers { server: 'CouchDB/1.5.0 (Erlang OTP/R16B03)',
36 verbose headers   'content-type': 'application/json',
36 verbose headers   'cache-control': 'max-age=60',
36 verbose headers   'content-length': '124',
36 verbose headers   'accept-ranges': 'bytes',
36 verbose headers   date: 'Mon, 17 Nov 2014 05:20:13 GMT',
36 verbose headers   via: '1.1 varnish',
36 verbose headers   connection: 'keep-alive',
36 verbose headers   'x-served-by': 'cache-ty68-TYO',
36 verbose headers   'x-cache': 'MISS',
36 verbose headers   'x-cache-hits': '0',
36 verbose headers   'x-timer': 'S1416201613.219789,VS0,VE320' }
37 verbose adduser back [ [Error: forbidden You may not change your email address
37 verbose adduser   Please visit https://npmjs.org/email-edit to do so.: -/user/org.couchdb.user:wangwen1220/-rev/1-cf8b60862cd98b47a6ea81f0d2f472df],
37 verbose adduser   { error: 'forbidden',
37 verbose adduser     reason: 'You may not change your email address\nPlease visit https://npmjs.org/email-edit to do so.' },
37 verbose adduser   '{"error":"forbidden","reason":"You may not change your email address\\nPlease visit https://npmjs.org/email-edit to do so."}' ]
38 warn adduser Incorrect username or password
38 warn adduser You can reset your account by visiting:
38 warn adduser
38 warn adduser     https://npmjs.org/forgot
39 error Error: forbidden You may not change your email address
39 error Please visit https://npmjs.org/email-edit to do so.: -/user/org.couchdb.user:wangwen1220/-rev/1-cf8b60862cd98b47a6ea81f0d2f472df
39 error     at RegClient.<anonymous> (c:\Program Files\nodejs\node_modules\npm\node_modules\npm-registry-client\lib\request.js:308:14)
39 error     at Request._callback (c:\Program Files\nodejs\node_modules\npm\node_modules\npm-registry-client\lib\request.js:246:65)
39 error     at Request.self.callback (c:\Program Files\nodejs\node_modules\npm\node_modules\request\request.js:236:22)
39 error     at Request.emit (events.js:98:17)
39 error     at Request.<anonymous> (c:\Program Files\nodejs\node_modules\npm\node_modules\request\request.js:1142:14)
39 error     at Request.emit (events.js:117:20)
39 error     at IncomingMessage.<anonymous> (c:\Program Files\nodejs\node_modules\npm\node_modules\request\request.js:1096:12)
39 error     at IncomingMessage.emit (events.js:117:20)
39 error     at _stream_readable.js:943:16
39 error     at process._tickCallback (node.js:419:13)
40 error If you need help, you may report this *entire* log,
40 error including the npm and node versions, at:
40 error     <http://github.com/npm/npm/issues>
41 error System Windows_NT 5.1.2600
42 error command "c:\\Program Files\\nodejs\\node.exe" "c:\\Program Files\\nodejs\\node_modules\\npm\\bin\\npm-cli.js" "adduser" "wangwen1220"
43 error cwd e:\work\menofw\app\js
44 error node -v v0.10.32
45 error npm -v 1.4.28
46 verbose exit [ 1, true ]
